INFO:     Will watch for changes in these directories: ['/home/machinemustlearn/Desktop/AnythingVisual.ai']
INFO:     Uvicorn running on http://0.0.0.0:8000 (Press CTRL+C to quit)
INFO:     Started reloader process [89151] using WatchFiles
INFO:     Started server process [89159]
INFO:     Waiting for application startup.
INFO:     Application startup complete.
INFO:     127.0.0.1:44994 - "GET /api/v1/admin/stats HTTP/1.1" 200 OK
INFO:     127.0.0.1:44994 - "GET /api/v1/admin/stats HTTP/1.1" 200 OK
INFO:     127.0.0.1:35610 - "POST /api/v1/projects HTTP/1.1" 500 Internal Server Error
ERROR:    Exception in ASGI application
Traceback (most recent call last):
  File "/home/machinemustlearn/.local/lib/python3.12/site-packages/sqlalchemy/engine/base.py", line 1967, in _exec_single_context
    self.dialect.do_execute(
  File "/home/machinemustlearn/.local/lib/python3.12/site-packages/sqlalchemy/engine/default.py", line 952, in do_execute
    cursor.execute(statement, parameters)
psycopg2.errors.ForeignKeyViolation: insert or update on table "project" violates foreign key constraint "project_owner_id_fkey"
DETAIL:  Key (owner_id)=(1) is not present in table "user".


The above exception was the direct cause of the following exception:

Traceback (most recent call last):
  File "/usr/lib/python3/dist-packages/uvicorn/protocols/http/httptools_impl.py", line 419, in run_asgi
    result = await app(  # type: ignore[func-returns-value]
             ^^^^^^^^^^^^^^^^^^^^^^^^^^^^^^^^^^^^^^^^^^^^^^
  File "/usr/lib/python3/dist-packages/uvicorn/middleware/proxy_headers.py", line 84, in __call__
    return await self.app(scope, receive, send)
           ^^^^^^^^^^^^^^^^^^^^^^^^^^^^^^^^^^^^
  File "/home/machinemustlearn/.local/lib/python3.12/site-packages/fastapi/applications.py", line 1135, in __call__
    await super().__call__(scope, receive, send)
  File "/home/machinemustlearn/.local/lib/python3.12/site-packages/starlette/applications.py", line 107, in __call__
    await self.middleware_stack(scope, receive, send)
  File "/home/machinemustlearn/.local/lib/python3.12/site-packages/starlette/middleware/errors.py", line 186, in __call__
    raise exc
  File "/home/machinemustlearn/.local/lib/python3.12/site-packages/starlette/middleware/errors.py", line 164, in __call__
    await self.app(scope, receive, _send)
  File "/home/machinemustlearn/.local/lib/python3.12/site-packages/starlette/middleware/cors.py", line 85, in __call__
    await self.app(scope, receive, send)
  File "/home/machinemustlearn/.local/lib/python3.12/site-packages/starlette/middleware/exceptions.py", line 63, in __call__
    await wrap_app_handling_exceptions(self.app, conn)(scope, receive, send)
  File "/home/machinemustlearn/.local/lib/python3.12/site-packages/starlette/_exception_handler.py", line 53, in wrapped_app
    raise exc
  File "/home/machinemustlearn/.local/lib/python3.12/site-packages/starlette/_exception_handler.py", line 42, in wrapped_app
    await app(scope, receive, sender)
  File "/home/machinemustlearn/.local/lib/python3.12/site-packages/fastapi/middleware/asyncexitstack.py", line 18, in __call__
    await self.app(scope, receive, send)
  File "/home/machinemustlearn/.local/lib/python3.12/site-packages/starlette/routing.py", line 716, in __call__
    await self.middleware_stack(scope, receive, send)
  File "/home/machinemustlearn/.local/lib/python3.12/site-packages/starlette/routing.py", line 736, in app
    await route.handle(scope, receive, send)
  File "/home/machinemustlearn/.local/lib/python3.12/site-packages/starlette/routing.py", line 290, in handle
    await self.app(scope, receive, send)
  File "/home/machinemustlearn/.local/lib/python3.12/site-packages/fastapi/routing.py", line 118, in app
    await wrap_app_handling_exceptions(app, request)(scope, receive, send)
  File "/home/machinemustlearn/.local/lib/python3.12/site-packages/starlette/_exception_handler.py", line 53, in wrapped_app
    raise exc
  File "/home/machinemustlearn/.local/lib/python3.12/site-packages/starlette/_exception_handler.py", line 42, in wrapped_app
    await app(scope, receive, sender)
  File "/home/machinemustlearn/.local/lib/python3.12/site-packages/fastapi/routing.py", line 104, in app
    response = await f(request)
               ^^^^^^^^^^^^^^^^
  File "/home/machinemustlearn/.local/lib/python3.12/site-packages/fastapi/routing.py", line 428, in app
    raw_response = await run_endpoint_function(
                   ^^^^^^^^^^^^^^^^^^^^^^^^^^^^
  File "/home/machinemustlearn/.local/lib/python3.12/site-packages/fastapi/routing.py", line 316, in run_endpoint_function
    return await run_in_threadpool(dependant.call, **values)
           ^^^^^^^^^^^^^^^^^^^^^^^^^^^^^^^^^^^^^^^^^^^^^^^^^
  File "/home/machinemustlearn/.local/lib/python3.12/site-packages/starlette/concurrency.py", line 32, in run_in_threadpool
    return await anyio.to_thread.run_sync(func)
           ^^^^^^^^^^^^^^^^^^^^^^^^^^^^^^^^^^^^
  File "/usr/lib/python3/dist-packages/anyio/to_thread.py", line 56, in run_sync
    return await get_async_backend().run_sync_in_worker_thread(
           ^^^^^^^^^^^^^^^^^^^^^^^^^^^^^^^^^^^^^^^^^^^^^^^^^^^^
  File "/usr/lib/python3/dist-packages/anyio/_backends/_asyncio.py", line 2134, in run_sync_in_worker_thread
    return await future
           ^^^^^^^^^^^^
  File "/usr/lib/python3/dist-packages/anyio/_backends/_asyncio.py", line 851, in run
    result = context.run(func, *args)
             ^^^^^^^^^^^^^^^^^^^^^^^^
  File "/home/machinemustlearn/Desktop/AnythingVisual.ai/backend/api/projects.py", line 16, in create_project
    db.commit()
  File "/home/machinemustlearn/.local/lib/python3.12/site-packages/sqlalchemy/orm/session.py", line 2030, in commit
    trans.commit(_to_root=True)
  File "<string>", line 2, in commit
  File "/home/machinemustlearn/.local/lib/python3.12/site-packages/sqlalchemy/orm/state_changes.py", line 137, in _go
    ret_value = fn(self, *arg, **kw)
                ^^^^^^^^^^^^^^^^^^^^
  File "/home/machinemustlearn/.local/lib/python3.12/site-packages/sqlalchemy/orm/session.py", line 1311, in commit
    self._prepare_impl()
  File "<string>", line 2, in _prepare_impl
  File "/home/machinemustlearn/.local/lib/python3.12/site-packages/sqlalchemy/orm/state_changes.py", line 137, in _go
    ret_value = fn(self, *arg, **kw)
                ^^^^^^^^^^^^^^^^^^^^
  File "/home/machinemustlearn/.local/lib/python3.12/site-packages/sqlalchemy/orm/session.py", line 1286, in _prepare_impl
    self.session.flush()
  File "/home/machinemustlearn/.local/lib/python3.12/site-packages/sqlalchemy/orm/session.py", line 4331, in flush
    self._flush(objects)
  File "/home/machinemustlearn/.local/lib/python3.12/site-packages/sqlalchemy/orm/session.py", line 4466, in _flush
    with util.safe_reraise():
  File "/home/machinemustlearn/.local/lib/python3.12/site-packages/sqlalchemy/util/langhelpers.py", line 224, in __exit__
    raise exc_value.with_traceback(exc_tb)
  File "/home/machinemustlearn/.local/lib/python3.12/site-packages/sqlalchemy/orm/session.py", line 4427, in _flush
    flush_context.execute()
  File "/home/machinemustlearn/.local/lib/python3.12/site-packages/sqlalchemy/orm/unitofwork.py", line 466, in execute
    rec.execute(self)
  File "/home/machinemustlearn/.local/lib/python3.12/site-packages/sqlalchemy/orm/unitofwork.py", line 642, in execute
    util.preloaded.orm_persistence.save_obj(
  File "/home/machinemustlearn/.local/lib/python3.12/site-packages/sqlalchemy/orm/persistence.py", line 93, in save_obj
    _emit_insert_statements(
  File "/home/machinemustlearn/.local/lib/python3.12/site-packages/sqlalchemy/orm/persistence.py", line 1233, in _emit_insert_statements
    result = connection.execute(
             ^^^^^^^^^^^^^^^^^^^
  File "/home/machinemustlearn/.local/lib/python3.12/site-packages/sqlalchemy/engine/base.py", line 1419, in execute
    return meth(
           ^^^^^
  File "/home/machinemustlearn/.local/lib/python3.12/site-packages/sqlalchemy/sql/elements.py", line 527, in _execute_on_connection
    return connection._execute_clauseelement(
           ^^^^^^^^^^^^^^^^^^^^^^^^^^^^^^^^^^
  File "/home/machinemustlearn/.local/lib/python3.12/site-packages/sqlalchemy/engine/base.py", line 1641, in _execute_clauseelement
    ret = self._execute_context(
          ^^^^^^^^^^^^^^^^^^^^^^
  File "/home/machinemustlearn/.local/lib/python3.12/site-packages/sqlalchemy/engine/base.py", line 1846, in _execute_context
    return self._exec_single_context(
           ^^^^^^^^^^^^^^^^^^^^^^^^^^
  File "/home/machinemustlearn/.local/lib/python3.12/site-packages/sqlalchemy/engine/base.py", line 1986, in _exec_single_context
    self._handle_dbapi_exception(
  File "/home/machinemustlearn/.local/lib/python3.12/site-packages/sqlalchemy/engine/base.py", line 2363, in _handle_dbapi_exception
    raise sqlalchemy_exception.with_traceback(exc_info[2]) from e
  File "/home/machinemustlearn/.local/lib/python3.12/site-packages/sqlalchemy/engine/base.py", line 1967, in _exec_single_context
    self.dialect.do_execute(
  File "/home/machinemustlearn/.local/lib/python3.12/site-packages/sqlalchemy/engine/default.py", line 952, in do_execute
    cursor.execute(statement, parameters)
sqlalchemy.exc.IntegrityError: (psycopg2.errors.ForeignKeyViolation) insert or update on table "project" violates foreign key constraint "project_owner_id_fkey"
DETAIL:  Key (owner_id)=(1) is not present in table "user".

[SQL: INSERT INTO project (owner_id, title, content_type, language, target_runtime_minutes, created_at, updated_at) VALUES (%(owner_id)s, %(title)s, %(content_type)s, %(language)s, %(target_runtime_minutes)s, %(created_at)s, %(updated_at)s) RETURNING project.id]
[parameters: {'owner_id': 1, 'title': 'Supabase Success Project', 'content_type': 'film', 'language': 'en', 'target_runtime_minutes': None, 'created_at': datetime.datetime(2026, 3, 25, 20, 19, 10, 763790), 'updated_at': datetime.datetime(2026, 3, 25, 20, 19, 10, 763842)}]
(Background on this error at: https://sqlalche.me/e/20/gkpj)
INFO:     127.0.0.1:35620 - "GET /api/v1/projects HTTP/1.1" 200 OK
INFO:     127.0.0.1:44108 - "POST /api/v1/projects HTTP/1.1" 200 OK
INFO:     127.0.0.1:44110 - "GET /api/v1/projects HTTP/1.1" 200 OK
WARNING:  WatchFiles detected changes in 'backend/database/models.py'. Reloading...
INFO:     Shutting down
INFO:     Waiting for application shutdown.
INFO:     Application shutdown complete.
INFO:     Finished server process [89159]
INFO:     Started server process [109011]
INFO:     Waiting for application startup.
INFO:     Application startup complete.
WARNING:  WatchFiles detected changes in 'backend/core/config.py'. Reloading...
INFO:     Shutting down
INFO:     Waiting for application shutdown.
INFO:     Application shutdown complete.
INFO:     Finished server process [109011]
WARNING:  WatchFiles detected changes in 'backend/core/security.py'. Reloading...
WARNING:  WatchFiles detected changes in 'backend/core/security.py'. Reloading...
INFO:     Started server process [111258]
INFO:     Waiting for application startup.
INFO:     Application startup complete.
WARNING:  WatchFiles detected changes in 'backend/api/schemas.py'. Reloading...
INFO:     Shutting down
INFO:     Waiting for application shutdown.
INFO:     Application shutdown complete.
INFO:     Finished server process [111258]
WARNING:  WatchFiles detected changes in 'backend/api/auth.py'. Reloading...
WARNING:  WatchFiles detected changes in 'backend/api/auth.py'. Reloading...
INFO:     Started server process [111340]
INFO:     Waiting for application startup.
INFO:     Application startup complete.
WARNING:  WatchFiles detected changes in 'backend/main.py'. Reloading...
INFO:     Shutting down
INFO:     Waiting for application shutdown.
INFO:     Application shutdown complete.
INFO:     Finished server process [111340]
WARNING:  WatchFiles detected changes in 'backend/api/admin.py'. Reloading...
INFO:     Started server process [111402]
INFO:     Waiting for application startup.
INFO:     Application startup complete.
